<?xml version="1.0" encoding="UTF-8"?>
<!-- Generated by org.testng.reporters.JUnitReportReporter -->
<testsuite skipped="0" hostname="ISE-LP-092" name="roughwork.Rough_Testng" tests="1" failures="0" timestamp="04 Jul 2018 11:45:18 GMT" time="137.863" errors="0">
  <testcase name="main" time="137.863" classname="roughwork.Rough_Testng"/>
</testsuite> <!-- roughwork.Rough_Testng -->
